#
# A fatal error has been detected by the Java Runtime Environment:
#
#  Internal Error (javaClasses.cpp:136), pid=9952, tid=8156
#  fatal error: Invalid layout of preloaded class
#
# JRE version:  (7.0_55-b14) (build )
# Java VM: Java HotSpot(TM) Client VM (24.55-b03 mixed mode windows-x86 )
# Failed to write core dump. Minidumps are not enabled by default on client versions of Windows
#
# If you would like to submit a bug report, please visit:
#   http://bugreport.sun.com/bugreport/crash.jsp
#

---------------  T H R E A D  ---------------

Current thread (0x01e9c400):  JavaThread "Unknown thread" [_thread_in_vm, id=8156, stack(0x01d70000,0x01dc0000)]

Stack: [0x01d70000,0x01dc0000],  sp=0x01dbf874,  free space=318k
Native frames: (J=compiled Java code, j=interpreted, Vv=VM code, C=native code)
V  [jvm.dll+0x18e051]
V  [jvm.dll+0x187dd6]
V  [jvm.dll+0x358ba]
V  [jvm.dll+0x35946]
V  [jvm.dll+0x43fed]
V  [jvm.dll+0x4429e]
V  [jvm.dll+0x926aa]
V  [jvm.dll+0x92a5b]
V  [jvm.dll+0x13db41]
V  [jvm.dll+0x1606ac]
V  [jvm.dll+0xc8e1f]
C  [javaw.exe+0x13ce]
C  [javaw.exe+0x1e40]
C  [javaw.exe+0xa5b1]
C  [javaw.exe+0xa63b]
C  [kernel32.dll+0x1338a]
C  [ntdll.dll+0x39f72]
C  [ntdll.dll+0x39f45]


---------------  P R O C E S S  ---------------

Java Threads: ( => current thread )

Other Threads:

=>0x01e9c400 (exited) JavaThread "Unknown thread" [_thread_in_vm, id=8156, stack(0x01d70000,0x01dc0000)]

VM state:not at safepoint (not fully initialized)

VM Mutex/Monitor currently owned by a thread: None

GC Heap History (0 events):
No events

Deoptimization events (0 events):
No events

Internal exceptions (0 events):
No events

Events (10 events):
Event: 0.040 loading class 0x00439718 done
Event: 0.040 loading class 0x004391a8 done
Event: 0.040 loading class 0x00439188
Event: 0.040 loading class 0x004404b0
Event: 0.040 loading class 0x004404b0 done
Event: 0.040 loading class 0x004404e0
Event: 0.041 loading class 0x004404e0 done
Event: 0.041 loading class 0x00440510
Event: 0.041 loading class 0x00440510 done
Event: 0.041 loading class 0x00439188 done


Dynamic libraries:
0x00180000 - 0x001af000 	C:\Program Files (x86)\Java\jre7\bin\javaw.exe
0x77a20000 - 0x77ba0000 	C:\Windows\SysWOW64\ntdll.dll
0x75a70000 - 0x75b80000 	C:\Windows\syswow64\kernel32.dll
0x75b80000 - 0x75bc7000 	C:\Windows\syswow64\KERNELBASE.dll
0x75d40000 - 0x75de0000 	C:\Windows\syswow64\ADVAPI32.dll
0x77120000 - 0x771cc000 	C:\Windows\syswow64\msvcrt.dll
0x75a40000 - 0x75a59000 	C:\Windows\SysWOW64\sechost.dll
0x75f50000 - 0x76040000 	C:\Windows\syswow64\RPCRT4.dll
0x75410000 - 0x75470000 	C:\Windows\syswow64\SspiCli.dll
0x75400000 - 0x7540c000 	C:\Windows\syswow64\CRYPTBASE.dll
0x76310000 - 0x76410000 	C:\Windows\syswow64\USER32.dll
0x754b0000 - 0x75540000 	C:\Windows\syswow64\GDI32.dll
0x758c0000 - 0x758ca000 	C:\Windows\syswow64\LPK.dll
0x75820000 - 0x758bd000 	C:\Windows\syswow64\USP10.dll
0x73730000 - 0x738ce000 	C:\Windows\WinSxS\x86_microsoft.windows.common-controls_6595b64144ccf1df_6.0.7601.17514_none_41e6975e2bd6f2b2\COMCTL32.dll
0x758d0000 - 0x75927000 	C:\Windows\syswow64\SHLWAPI.dll
0x76420000 - 0x76480000 	C:\Windows\system32\IMM32.DLL
0x75720000 - 0x757ec000 	C:\Windows\syswow64\MSCTF.dll
0x632c0000 - 0x6337f000 	C:\Program Files (x86)\Java\jre7\bin\msvcr100.dll
0x5fe20000 - 0x601a0000 	C:\Program Files (x86)\Java\jre7\bin\client\jvm.dll
0x72a00000 - 0x72a07000 	C:\Windows\system32\WSOCK32.dll
0x75470000 - 0x754a5000 	C:\Windows\syswow64\WS2_32.dll
0x76130000 - 0x76136000 	C:\Windows\syswow64\NSI.dll
0x73350000 - 0x73382000 	C:\Windows\system32\WINMM.dll
0x76070000 - 0x76075000 	C:\Windows\syswow64\PSAPI.DLL
0x63df0000 - 0x63dfc000 	C:\Program Files (x86)\Java\jre7\bin\verify.dll
0x62c70000 - 0x62c90000 	C:\Program Files (x86)\Java\jre7\bin\java.dll
0x62c90000 - 0x62ca3000 	C:\Program Files (x86)\Java\jre7\bin\zip.dll
0x63d00000 - 0x63deb000 	C:\Windows\system32\dbghelp.dll

VM Arguments:
jvm_args: -Dfile.encoding=Cp1252 -Xbootclasspath:C:\Development\adt-bundle-windows-x86_64-20140321\sdk\platforms\android-16\android.jar 
java_command: org.eclipse.jdt.internal.junit.runner.RemoteTestRunner -version 3 -port 63905 -testLoaderClass org.eclipse.jdt.internal.junit4.runner.JUnit4TestLoader -loaderpluginname org.eclipse.jdt.junit4.runtime -classNames edu.OOSE.cs.jhu.group2.PopZombiesModel.ParachuteTest
Launcher Type: SUN_STANDARD

Environment Variables:
PATH=C:/Program Files (x86)/Java/jre7/bin/client;C:/Program Files (x86)/Java/jre7/bin;C:/Program Files (x86)/Java/jre7/lib/i386;C:\ProgramData\Oracle\Java\javapath;C:\Program Files\Common Files\Microsoft Shared\Windows Live;C:\Program Files (x86)\Common Files\Microsoft Shared\Windows Live;C:\Windows\system32;C:\Windows;C:\Windows\System32\Wbem;C:\Windows\System32\WindowsPowerShell\v1.0\;C:\Program Files (x86)\Windows Live\Shared;C:\Program Files\Intel\WiFi\bin\;C:\Program Files\Common Files\Intel\WirelessCommon\;C:\Program Files (x86)\Common Files\Roxio Shared\DLLShared\;C:\Program Files (x86)\Common Files\Roxio Shared\12.0\DLLShared\;C:\Program Files (x86)\Java\jdk1.7.0_25\bin;c:\Program Files (x86)\Microsoft SQL Server\100\Tools\Binn\;c:\Program Files\Microsoft SQL Server\100\Tools\Binn\;c:\Program Files\Microsoft SQL Server\100\DTS\Binn\;C:\Program Files (x86)\MiKTeX 2.9\miktex\bin\;C:\Program Files (x86)\QuickTime\QTSystem\;C:\Johns Hopkins\sophomore\Int. Programming\eclipse;
USERNAME=Kevin
OS=Windows_NT
PROCESSOR_IDENTIFIER=Intel64 Family 6 Model 37 Stepping 5, GenuineIntel



---------------  S Y S T E M  ---------------

OS: Windows 7 , 64 bit Build 7601 Service Pack 1

CPU:total 4 (2 cores per cpu, 2 threads per core) family 6 model 37 stepping 5, cmov, cx8, fxsr, mmx, sse, sse2, sse3, ssse3, sse4.1, sse4.2, popcnt, ht, tsc, tscinvbit

Memory: 4k page, physical 3987312k(1181436k free), swap 8261812k(1248868k free)

vm_info: Java HotSpot(TM) Client VM (24.55-b03) for windows-x86 JRE (1.7.0_55-b14), built on Apr 14 2014 18:25:32 by "java_re" with unknown MS VC++:1600

time: Sat Nov 01 15:42:37 2014
elapsed time: 0 seconds

